{
  "RSpec": {
    "coverage": {
      "/Users/danielthierrymarcelin/Documents/School Related 😎/NYCU-related/3rd Semester/SOA/Jobify/lib/resume_api.rb": {
        "lines": [
          null,
          null,
          1,
          1,
          1,
          1,
          1,
          1,
          1,
          1,
          null,
          1,
          null,
          1,
          null,
          null,
          1,
          9,
          null,
          null,
          1,
          9,
          9,
          null,
          null,
          null,
          1,
          1,
          9,
          9,
          null,
          null,
          1,
          9,
          9,
          9,
          9,
          9,
          null,
          null,
          null,
          null
        ]
      },
      "/Users/danielthierrymarcelin/Documents/School Related 😎/NYCU-related/3rd Semester/SOA/Jobify/lib/education.rb": {
        "lines": [
          null,
          null,
          1,
          null,
          1,
          1,
          4,
          null,
          null,
          1,
          2,
          null,
          null,
          1,
          2,
          null,
          null,
          1,
          2,
          null,
          null,
          1,
          2,
          null,
          null,
          1,
          2,
          null,
          null,
          1,
          6,
          null,
          null,
          1,
          2,
          null,
          null,
          1,
          2,
          null,
          null,
          null
        ]
      },
      "/Users/danielthierrymarcelin/Documents/School Related 😎/NYCU-related/3rd Semester/SOA/Jobify/lib/resume.rb": {
        "lines": [
          null,
          null,
          1,
          null,
          1,
          1,
          9,
          null,
          null,
          1,
          1,
          null,
          null,
          1,
          1,
          null,
          null,
          1,
          4,
          null,
          null,
          1,
          1,
          null,
          null,
          1,
          1,
          null,
          null,
          1,
          1,
          null,
          null,
          1,
          1,
          null,
          null,
          1,
          1,
          null,
          null,
          1,
          1,
          null,
          null,
          1,
          1,
          null,
          null,
          1,
          1,
          null,
          null,
          1,
          16,
          null,
          null,
          1,
          34,
          null,
          null,
          1,
          1,
          null,
          null,
          1,
          1,
          null,
          null,
          1,
          1,
          null,
          null,
          1,
          1,
          null,
          null,
          1,
          1,
          null,
          null,
          1,
          1,
          null,
          null,
          1,
          4,
          null,
          null,
          null
        ]
      },
      "/Users/danielthierrymarcelin/Documents/School Related 😎/NYCU-related/3rd Semester/SOA/Jobify/lib/section.rb": {
        "lines": [
          null,
          null,
          1,
          null,
          1,
          1,
          28,
          null,
          null,
          1,
          14,
          null,
          null,
          1,
          14,
          null,
          null,
          null
        ]
      },
      "/Users/danielthierrymarcelin/Documents/School Related 😎/NYCU-related/3rd Semester/SOA/Jobify/lib/skill.rb": {
        "lines": [
          null,
          null,
          1,
          null,
          1,
          1,
          64,
          null,
          null,
          1,
          32,
          null,
          null,
          1,
          32,
          null,
          null,
          1,
          32,
          null,
          null,
          null
        ]
      },
      "/Users/danielthierrymarcelin/Documents/School Related 😎/NYCU-related/3rd Semester/SOA/Jobify/lib/work.rb": {
        "lines": [
          null,
          null,
          1,
          null,
          1,
          1,
          4,
          null,
          null,
          1,
          2,
          null,
          null,
          1,
          2,
          null,
          null,
          1,
          2,
          null,
          null,
          1,
          2,
          null,
          null,
          1,
          2,
          null,
          null,
          1,
          8,
          null,
          null,
          1,
          2,
          null,
          null,
          1,
          2,
          null,
          null,
          1,
          2,
          null,
          null,
          1,
          2,
          null,
          null,
          null
        ]
      }
    },
    "timestamp": 1636550456
  }
}
