{
  "RSpec": {
    "coverage": {
      "/Users/loudwigeodice/Desktop/Jobify/lib/job_api.rb": {
        "lines": [
          null,
          null,
          1,
          1,
          null,
          1,
          null,
          1,
          1,
          1,
          null,
          null,
          1,
          1,
          21,
          null,
          null,
          null,
          null,
          1,
          1,
          1,
          1,
          1,
          null,
          null,
          1,
          1,
          1,
          null,
          null,
          null,
          null,
          null,
          null,
          null,
          null,
          null,
          null,
          null
        ]
      },
      "/Users/loudwigeodice/Desktop/Jobify/lib/job.rb": {
        "lines": [
          null,
          null,
          null,
          1,
          null,
          1,
          1,
          40,
          null,
          null,
          1,
          40,
          null,
          null,
          1,
          40,
          null,
          null,
          1,
          40,
          null,
          null,
          1,
          40,
          null,
          null,
          1,
          40,
          null,
          null,
          1,
          40,
          null,
          null,
          null,
          null
        ]
      }
    },
    "timestamp": 1635761539
  }
}
